<?xml version="1.0" encoding="UTF-8"?>
<!-- Generated by org.testng.reporters.JUnitXMLReporter -->
<testsuite ignored="0" hostname="DESKTOP-9B00MPJ" failures="0" tests="1" name="VerifyLoginTest_Live" time="0.015" errors="0" timestamp="2022-03-02T19:38:46 IST">
  <testcase classname="com.Utility.BaseClass" name="@BeforeSuite BS" time="0.281">
    <failure type="java.lang.NoSuchMethodError" message="&amp;apos;byte[] org.apache.poi.util.IOUtils.toByteArray(java.io.InputStream, int, int)&amp;apos;">
      <![CDATA[java.lang.NoSuchMethodError: 'byte[] org.apache.poi.util.IOUtils.toByteArray(java.io.InputStream, int, int)'
at org.apache.poi.openxml4j.util.ZipArchiveFakeEntry.<init>(ZipArchiveFakeEntry.java:72)
at org.apache.poi.openxml4j.util.ZipInputStreamZipEntrySource.<init>(ZipInputStreamZipEntrySource.java:98)
at org.apache.poi.openxml4j.opc.ZipPackage.<init>(ZipPackage.java:132)
at org.apache.poi.openxml4j.opc.OPCPackage.open(OPCPackage.java:312)
at org.apache.poi.ooxml.util.PackageHelper.open(PackageHelper.java:59)
at org.apache.poi.xssf.usermodel.XSSFWorkbook.<init>(XSSFWorkbook.java:304)
at org.apache.poi.xssf.usermodel.XSSFWorkbook.<init>(XSSFWorkbook.java:300)
at com.Utility.ExcelDataProvider.<init>(ExcelDataProvider.java:15)
at com.Utility.BaseClass.BS(BaseClass.java:21)
... Removed 19 stack frames]]>
    </failure>
  </testcase> <!-- @BeforeSuite BS -->
  <testcase classname="com.Utility.BaseClass" name="@BeforeMethod setUp" time="-1.6462301266E9">
    <skipped/>
  </testcase> <!-- @BeforeMethod setUp -->
  <testcase classname="com.Utility.BaseClass" name="@AfterMethod tearDown" time="-1.646230126609E9">
    <skipped/>
  </testcase> <!-- @AfterMethod tearDown -->
  <testcase classname="com.Test.Verify_LoginTest" name="verify_loginwithValidCredentials" time="0.0">
    <skipped/>
  </testcase> <!-- verify_loginwithValidCredentials -->
</testsuite> <!-- VerifyLoginTest_Live -->
