<?xml version="1.0" encoding="UTF-8"?>
<!-- Generated by org.testng.reporters.JUnitXMLReporter -->
<testsuite ignored="0" hostname="DESKTOP-9B00MPJ" failures="1" tests="1" name="VerifyLoginTest_stage" time="0.054" errors="0" timestamp="2022-03-03T17:14:47 IST">
  <testcase classname="com.Utility.BaseClass" name="@BeforeSuite BS" time="0.226">
    <failure type="java.lang.NoSuchMethodError" message="&amp;apos;byte[] org.apache.poi.util.IOUtils.toByteArray(java.io.InputStream, int, int)&amp;apos;">
      <![CDATA[java.lang.NoSuchMethodError: 'byte[] org.apache.poi.util.IOUtils.toByteArray(java.io.InputStream, int, int)'
at org.apache.poi.openxml4j.util.ZipArchiveFakeEntry.<init>(ZipArchiveFakeEntry.java:72)
at org.apache.poi.openxml4j.util.ZipInputStreamZipEntrySource.<init>(ZipInputStreamZipEntrySource.java:98)
at org.apache.poi.openxml4j.opc.ZipPackage.<init>(ZipPackage.java:132)
at org.apache.poi.openxml4j.opc.OPCPackage.open(OPCPackage.java:312)
at org.apache.poi.ooxml.util.PackageHelper.open(PackageHelper.java:59)
at org.apache.poi.xssf.usermodel.XSSFWorkbook.<init>(XSSFWorkbook.java:304)
at org.apache.poi.xssf.usermodel.XSSFWorkbook.<init>(XSSFWorkbook.java:300)
at com.Utility.ExcelDataProvider.<init>(ExcelDataProvider.java:15)
at com.Utility.BaseClass.BS(BaseClass.java:21)
... Removed 19 stack frames]]>
    </failure>
  </testcase> <!-- @BeforeSuite BS -->
  <testcase classname="com.Utility.BaseClass" name="@BeforeMethod setUp" time="-1.646307887867E9">
    <skipped/>
  </testcase> <!-- @BeforeMethod setUp -->
  <testcase classname="com.Test.Verify_LoginTest" name="verify_loginwithValidCredentials" time="0.014">
    <failure type="java.lang.Error" message="Unresolved compilation problems: 
	test cannot be resolved or is not a field
	test cannot be resolved or is not a field
">
      <![CDATA[java.lang.Error: Unresolved compilation problems: 
test cannot be resolved or is not a field
test cannot be resolved or is not a field

at com.Utility.Listeners.onTestStart(Listeners.java:16)
at java.base/java.util.ArrayList.forEach(ArrayList.java:1511)
... Removed 25 stack frames]]>
    </failure>
  </testcase> <!-- verify_loginwithValidCredentials -->
</testsuite> <!-- VerifyLoginTest_stage -->
